{
  "RSpec": {
    "coverage": {
      "/Users/student/Projects/Makersbnb/spec/database_connection_spec.rb": [
        1,
        1,
        null,
        1,
        1,
        1,
        null,
        1,
        null,
        null,
        1,
        1,
        1,
        null,
        null,
        null
      ],
      "/Users/student/Projects/Makersbnb/spec/features/add_multiple_properties_spec.rb": [
        1,
        1,
        1,
        1,
        1,
        1,
        1,
        1,
        null,
        null
      ],
      "/Users/student/Projects/Makersbnb/spec/features/adding_new_property_spec.rb": [
        1,
        1,
        1,
        1,
        1,
        1,
        1,
        1,
        null,
        null
      ],
      "/Users/student/Projects/Makersbnb/spec/features/index_page_shows_properties_spec.rb": [
        1,
        1,
        null,
        1,
        1,
        null,
        1,
        1,
        1,
        1,
        1,
        null,
        null
      ],
      "/Users/student/Projects/Makersbnb/spec/features/property_booking_request_spec.rb": [
        1,
        1,
        1,
        1,
        1,
        1,
        null,
        null
      ],
      "/Users/student/Projects/Makersbnb/spec/property_spec.rb": [
        1,
        null,
        1,
        null,
        null,
        null,
        null
      ],
      "/Users/student/Projects/Makersbnb/spec/setup_database_spec.rb": [
        1,
        null,
        1,
        8,
        null,
        8,
        null
      ],
      "/Users/student/Projects/Makersbnb/spec/sitemanager_spec.rb": [
        1,
        null,
        1,
        null,
        1,
        1,
        null,
        1,
        null,
        1,
        null,
        null,
        1,
        1,
        null,
        1,
        1,
        1,
        null,
        null,
        null,
        1,
        1,
        1,
        null,
        1,
        null,
        1,
        1,
        1,
        null,
        null,
        null
      ],
      "/Users/student/Projects/Makersbnb/spec/user_spec.rb": [
        1,
        null,
        1,
        null,
        null
      ]
    },
    "timestamp": 1564484655
  }
}
