{
  "RSpec": {
    "coverage": {
      "/Users/riannemccartney/Projects/Makersbnb/spec/database_connection_spec.rb": [
        1,
        1,
        null,
        1,
        1,
        1,
        null,
        1,
        null,
        null,
        1,
        1,
        1,
        null,
        null,
        null
      ],
      "/Users/riannemccartney/Projects/Makersbnb/spec/features/add_multiple_properties_spec.rb": [
        1,
        1,
        1,
        1,
        1,
        1,
        1,
        1,
        null,
        null
      ],
      "/Users/riannemccartney/Projects/Makersbnb/spec/features/adding_new_property_spec.rb": [
        1,
        1,
        1,
        1,
        1,
        1,
        1,
        1,
        null,
        null
      ],
      "/Users/riannemccartney/Projects/Makersbnb/spec/features/index_page_shows_properties_spec.rb": [
        1,
        1,
        null,
        1,
        1,
        null,
        1,
        1,
        1,
        1,
        0,
        null,
        null
      ],
      "/Users/riannemccartney/Projects/Makersbnb/spec/features/property_booking_request_spec.rb": [
        1,
        1,
        1,
        1,
        1,
        0,
        null,
        null,
        null,
        1,
        1,
        1,
        1,
        1,
        0,
        0,
        null,
        null,
        1,
        1,
        1,
        1,
        0,
        0,
        0,
        0,
        0,
        0,
        0,
        0,
        0,
        null,
        null
      ],
      "/Users/riannemccartney/Projects/Makersbnb/spec/features/sign_up_spec.rb": [
        1,
        1,
        1,
        1,
        1,
        1,
        1,
        1,
        null,
        1,
        null,
        null,
        null,
        1,
        1,
        1,
        1,
        1,
        1,
        1,
        1,
        null,
        null,
        1,
        1,
        1,
        1,
        1,
        1,
        null,
        1,
        1,
        null,
        null
      ],
      "/Users/riannemccartney/Projects/Makersbnb/spec/property_spec.rb": [
        1,
        null,
        1,
        null,
        null,
        null,
        null
      ],
      "/Users/riannemccartney/Projects/Makersbnb/spec/setup_database_spec.rb": [
        1,
        null,
        1,
        15,
        null,
        15,
        null
      ],
      "/Users/riannemccartney/Projects/Makersbnb/spec/sitemanager_spec.rb": [
        1,
        null,
        1,
        null,
        1,
        1,
        null,
        1,
        null,
        1,
        null,
        null,
        1,
        1,
        null,
        1,
        1,
        1,
        null,
        null,
        null,
        1,
        1,
        1,
        null,
        1,
        null,
        1,
        1,
        1,
        null,
        null,
        null,
        1,
        1,
        1,
        null,
        0,
        null,
        null,
        0,
        0,
        null,
        null,
        null
      ],
      "/Users/riannemccartney/Projects/Makersbnb/spec/user_spec.rb": [
        1,
        null,
        1,
        null,
        1,
        1,
        1,
        null,
        1,
        null,
        1,
        1,
        1,
        null,
        null,
        null
      ]
    },
    "timestamp": 1564581941
  }
}
